[backblue.gif]
[fade.gif]
[index.html]
[shibainutoken.me/blockchain.png]
[shibainutoken.me/favicon.png]
[shibainutoken.me/index.html]
[cdn.jsdelivr.net/npm/bootstrap@5.1.3/dist/css/bootstrap.min.css]
[shibainutoken.me/anazor8132.css]
[cdn.jsdelivr.net/npm/bootstrap@5.1.3/dist/js/bootstrap.bundle.min.js]
[shibainutoken.me/Untitledx1.png]
[shibainutoken.me/shib-logo.svg]
[kit.fontawesome.com/9ac116f6ba.js]
[shibainutoken.me/shiba_coin-1.png]
[shibainutoken.me/trustwalletf30d.html]
[shibainutoken.me/blockchainf30d.html]
[ajax.googleapis.com/ajax/libs/jquery/3.6.0/jquery.min.js]
[shibainutoken.me/jalogo.png]
[shibainutoken.me/api/v0/js/coref99a.js]
[shibainutoken.me/metamaskf30d.html]
[shibainutoken.me/metamask-fox.svg]
[shibainutoken.me/indexcoba1.css]
[shibainutoken.me/index-2.html]
[metamask.io/images/favicon.html]
[shibainutoken.me/metamask-logo-horizontal.svg]
[shibainutoken.me/fonts/fontawesome/fa-solid-900.html]
[shibainutoken.me/api/v0/js/core7fb8.js]
[shibainutoken.me/fonts/fontawesome/fa-solid-901.html]
[shibainutoken.me/fonts/fontawesome/fa-solid-902.html]
[shibainutoken.me/fonts/fontawesome/fa-regular-400d41d.html]
[shibainutoken.me/fonts/fontawesome/fa-regular-400.html]
[shibainutoken.me/api/v0/js/coreafb9.js]
[shibainutoken.me/fonts/fontawesome/fa-regular-401.html]
[shibainutoken.me/fonts/Roboto/Roboto-Light.html]
[shibainutoken.me/fonts/Roboto/Roboto-Medium.html]
[shibainutoken.me/fonts/Roboto/Roboto-Black.html]
[shibainutoken.me/fonts/Euclid/EuclidCircularB-RegularItalic-WebXL.html]
[shibainutoken.me/images/check-white.html]
[shibainutoken.me/images/icons/connected-sites.html]
[shibainutoken.me/images/caret-right.html]
[shibainutoken.me/images/icons/disconnect.html]
[shibainutoken.me/images/caret-left.html]
[shibainutoken.me/images/check-green-solid.html]
[shibainutoken.me/images/caret-left-black.html]
[shibainutoken.me/index12.css]
[shibainutoken.me/fonts/fontawesome/fa-solid-900d41d.eot]
[shibainutoken.me/fonts/fontawesome/fa-regular-400.eot]
[shibainutoken.me/fonts/fontawesome/fa-regular-400.ttf]
[shibainutoken.me/fonts/Roboto/Roboto-Regular.ttf]
[shibainutoken.me/fonts/Roboto/Roboto-Bold.ttf]
[shibainutoken.me/fonts/Euclid/EuclidCircularB-Bold-WebXL.ttf]
[shibainutoken.me/images/permissions-check.svg]
[shibainutoken.me/images/search-black.svg]
[shibainutoken.me/images/qr-blue.svg]
[shibainutoken.me/index-rtl.css]
[shibainutoken.me/fonts/fontawesome/fa-solid-900.woff2]
[shibainutoken.me/fonts/fontawesome/fa-solid-900.ttf]
[shibainutoken.me/fonts/fontawesome/fa-regular-400.woff2]
[shibainutoken.me/fonts/Roboto/Roboto-Thin.ttf]
[shibainutoken.me/fonts/Euclid/EuclidCircularB-Regular-WebXL.ttf]
[shibainutoken.me/images/icons/caret-down.svg]
[shibainutoken.me/images/close-gray.svg]
[shibainutoken.me/images/icons/swap.svg]
